#
# There is insufficient memory for the Java Runtime Environment to continue.
# Native memory allocation (malloc) failed to allocate 1048576 bytes for AllocateHeap
# Possible reasons:
#   The system is out of physical RAM or swap space
#   The process is running with CompressedOops enabled, and the Java Heap may be blocking the growth of the native heap
# Possible solutions:
#   Reduce memory load on the system
#   Increase physical memory or swap space
#   Check if swap backing store is full
#   Decrease Java heap size (-Xmx/-Xms)
#   Decrease number of Java threads
#   Decrease Java thread stack sizes (-Xss)
#   Set larger code cache with -XX:ReservedCodeCacheSize=
#   JVM is running with Unscaled Compressed Oops mode in which the Java heap is
#     placed in the first 4GB address space. The Java Heap base address is the
#     maximum limit for the native heap growth. Please use -XX:HeapBaseMinAddress
#     to set the Java Heap base and to place the Java Heap above 4GB virtual address.
# This output file may be truncated or incomplete.
#
#  Out of Memory Error (memory/allocation.inline.hpp:61), pid=18104, tid=0x0000000000002c74
#
# JRE version:  (8.0_265-b01) (build )
# Java VM: OpenJDK 64-Bit Server VM (25.265-b01 mixed mode windows-amd64 compressed oops)
# Failed to write core dump. Minidumps are not enabled by default on client versions of Windows
#

---------------  T H R E A D  ---------------

Current thread (0x0000026c6a2d5000):  JavaThread "Unknown thread" [_thread_in_vm, id=11380, stack(0x000000e90b300000,0x000000e90b400000)]

Stack: [0x000000e90b300000,0x000000e90b400000]
[error occurred during error reporting (printing stack bounds), id 0xc0000005]

Native frames: (J=compiled Java code, j=interpreted, Vv=VM code, C=native code)


---------------  P R O C E S S  ---------------

Java Threads: ( => current thread )

Other Threads:

=>0x0000026c6a2d5000 (exited) JavaThread "Unknown thread" [_thread_in_vm, id=11380, stack(0x000000e90b300000,0x000000e90b400000)]

VM state:not at safepoint (normal execution)

VM Mutex/Monitor currently owned by a thread: None

heap address: 0x0000000083400000, size: 1996 MB, Compressed Oops mode: 32-bit
Narrow klass base: 0x0000000000000000, Narrow klass shift: 3
Compressed class space size: 1073741824 Address: 0x0000000100000000

Heap:
 PSYoungGen      total 37888K, used 655K [0x00000000d6700000, 0x00000000d9100000, 0x0000000100000000)
  eden space 32768K, 2% used [0x00000000d6700000,0x00000000d67a3d80,0x00000000d8700000)
  from space 5120K, 0% used [0x00000000d8c00000,0x00000000d8c00000,0x00000000d9100000)
  to   space 5120K, 0% used [0x00000000d8700000,0x00000000d8700000,0x00000000d8c00000)
 ParOldGen       total 86016K, used 0K [0x0000000083400000, 0x0000000088800000, 0x00000000d6700000)
  object space 86016K, 0% used [0x0000000083400000,0x0000000083400000,0x0000000088800000)
 Metaspace       used 780K, capacity 4480K, committed 4480K, reserved 1056768K
  class space    used 76K, capacity 384K, committed 384K, reserved 1048576K

Card table byte_map: [0x0000026c7b3a0000,0x0000026c7b790000] byte_map_base: 0x0000026c7af86000

Marking Bits: (ParMarkBitMap*) 0x0000000063eb7790
 Begin Bits: [0x0000026c7ba30000, 0x0000026c7d960000)
 End Bits:   [0x0000026c7d960000, 0x0000026c7f890000)

Polling page: 0x0000026c6a240000

CodeCache: size=245760Kb used=328Kb max_used=328Kb free=245431Kb
 bounds [0x0000026c6bfe0000, 0x0000026c6c250000, 0x0000026c7afe0000]
 total_blobs=57 nmethods=0 adapters=38
 compilation: enabled

Compilation events (0 events):
No events

GC Heap History (0 events):
No events

Deoptimization events (0 events):
No events

Classes redefined (0 events):
No events

Internal exceptions (0 events):
No events

Events (10 events):
Event: 0.013 loading class java/lang/Short
Event: 0.013 loading class java/lang/Short done
Event: 0.013 loading class java/lang/Integer
Event: 0.014 loading class java/lang/Integer done
Event: 0.014 loading class java/lang/Long
Event: 0.014 loading class java/lang/Long done
Event: 0.014 loading class java/lang/NullPointerException
Event: 0.014 loading class java/lang/NullPointerException done
Event: 0.014 loading class java/lang/ArithmeticException
Event: 0.014 loading class java/lang/ArithmeticException done


Dynamic libraries:
0x00007ff61bca0000 - 0x00007ff61bcda000 	D:\Program Files\openjdk\jre\bin\java.exe
0x00007ffc6e810000 - 0x00007ffc6ea05000 	C:\WINDOWS\SYSTEM32\ntdll.dll
0x00007ffc6d590000 - 0x00007ffc6d64d000 	C:\WINDOWS\System32\KERNEL32.DLL
0x00007ffc6c290000 - 0x00007ffc6c557000 	C:\WINDOWS\System32\KERNELBASE.dll
0x00007ffc6e080000 - 0x00007ffc6e12a000 	C:\WINDOWS\System32\ADVAPI32.dll
0x00007ffc6e130000 - 0x00007ffc6e1ce000 	C:\WINDOWS\System32\msvcrt.dll
0x00007ffc6d4f0000 - 0x00007ffc6d58b000 	C:\WINDOWS\System32\sechost.dll
0x00007ffc6e640000 - 0x00007ffc6e764000 	C:\WINDOWS\System32\RPCRT4.dll
0x00007ffc6db50000 - 0x00007ffc6dcf0000 	C:\WINDOWS\System32\USER32.dll
0x00007ffc6c060000 - 0x00007ffc6c082000 	C:\WINDOWS\System32\win32u.dll
0x00007ffc6db20000 - 0x00007ffc6db4a000 	C:\WINDOWS\System32\GDI32.dll
0x00007ffc6bf50000 - 0x00007ffc6c059000 	C:\WINDOWS\System32\gdi32full.dll
0x00007ffc6c1f0000 - 0x00007ffc6c28d000 	C:\WINDOWS\System32\msvcp_win.dll
0x00007ffc6c6f0000 - 0x00007ffc6c7f0000 	C:\WINDOWS\System32\ucrtbase.dll
0x00007ffc462a0000 - 0x00007ffc4653b000 	C:\WINDOWS\WinSxS\amd64_microsoft.windows.common-controls_6595b64144ccf1df_6.0.19041.488_none_ca04af081b815d21\COMCTL32.dll
0x00007ffc6dcf0000 - 0x00007ffc6dd20000 	C:\WINDOWS\System32\IMM32.DLL
0x00007ffc51c00000 - 0x00007ffc51cef000 	D:\Program Files\openjdk\jre\bin\msvcr120.dll
0x00007ffc5fc50000 - 0x00007ffc5fcf6000 	D:\Program Files\openjdk\jre\bin\msvcp120.dll
0x00000000636d0000 - 0x0000000063f36000 	D:\Program Files\openjdk\jre\bin\server\jvm.dll
0x00007ffc6dd80000 - 0x00007ffc6dd88000 	C:\WINDOWS\System32\PSAPI.DLL
0x00007ffc62940000 - 0x00007ffc62949000 	C:\WINDOWS\SYSTEM32\WSOCK32.dll
0x00007ffc46a50000 - 0x00007ffc46a77000 	C:\WINDOWS\SYSTEM32\WINMM.dll
0x00007ffc5a100000 - 0x00007ffc5a10a000 	C:\WINDOWS\SYSTEM32\VERSION.dll
0x00007ffc6d850000 - 0x00007ffc6d8bb000 	C:\WINDOWS\System32\WS2_32.dll
0x00007ffc691d0000 - 0x00007ffc691df000 	D:\Program Files\openjdk\jre\bin\verify.dll
0x00007ffc629a0000 - 0x00007ffc629c8000 	D:\Program Files\openjdk\jre\bin\java.dll
0x00007ffc62980000 - 0x00007ffc62996000 	D:\Program Files\openjdk\jre\bin\zip.dll

VM Arguments:
java_command: C:\Users\Guorc\AppData\Local\Temp\surefire3336815636026608385\surefirebooter107346887036204898.jar C:\Users\Guorc\AppData\Local\Temp\surefire3336815636026608385 2020-09-22T15-28-44_217-jvmRun1 surefire2860166661781611563tmp surefire_06633748998548500060tmp
java_class_path (initial): C:\Users\Guorc\AppData\Local\Temp\surefire3336815636026608385\surefirebooter107346887036204898.jar
Launcher Type: SUN_STANDARD

Environment Variables:
JAVA_HOME=D:\Program Files\openjdk\
CLASSPATH=.;D:\Program Files\openjdk\\lib;D:\Program Files\openjdk\\lib\tools.jar
PATH=D:\Program Files\openjdk\bin;D:\tools\;C:\Windows\system32;C:\Windows;C:\Windows\System32\Wbem;C:\Windows\System32\WindowsPowerShell\v1.0\;C:\Windows\System32\OpenSSH\;D:\Program Files\jdk8\bin;D:\Program Files\Git\cmd;D:\Program Files\node.js\node_global;C:\Program Files\MySQL\MySQL Server 5.7\bin;D:\apache-maven-3.6.3\bin;D:\tools\Microsoft VS Code\bin;C:\Users\Guorc\.windows-build-tools\python27\;C:\Users\Guorc\AppData\Local\Microsoft\WindowsApps;D:\Bandizip\;D:\IntelliJ IDEA 2019.3.1\bin;C:\Users\Guorc\AppData\Roaming\npm;C:\Users\Guorc\AppData\Local\BypassRuntm;C:\Program Files (x86)\Cesoft\Excel Server 2019 Client;C:\Program Files\Redis\;";D:\apache-maven-3.6.3\bin";C:\WINDOWS\system32;C:\WINDOWS;C:\WINDOWS\System32\Wbem;C:\WINDOWS\System32\WindowsPowerShell\v1.0\;C:\WINDOWS\System32\OpenSSH\;D:\Program Files\node.js\;D:\flutter\bin;C:\Program Files\MySQL\MySQL Shell 8.0\bin\;C:\Users\Guorc\.windows-build-tools\python27\;C:\Users\Guorc\AppData\Local\Microsoft\WindowsApps;D:\Bandizip\;D:\IntelliJ IDEA 2019.3.1\bin;C:\Users\Guorc\AppData\Local\BypassRuntm;D:\tools\IntelliJ IDEA 2019.3.4\bin;;C:\Users\Guorc\AppData\Local\Microsoft\WindowsApps;C:\Users\Guorc\AppData\Roaming\npm
USERNAME=Guorc
OS=Windows_NT
PROCESSOR_IDENTIFIER=Intel64 Family 6 Model 142 Stepping 12, GenuineIntel



---------------  S Y S T E M  ---------------

OS: Windows 10.0 , 64 bit Build 19041 (10.0.19041.292)

CPU:total 8 (initial active 8) (4 cores per cpu, 2 threads per core) family 6 model 142 stepping 12, cmov, cx8, fxsr, mmx, sse, sse2, sse3, ssse3, sse4.1, sse4.2, popcnt, avx, avx2, aes, clmul, erms, 3dnowpref, lzcnt, ht, tsc, tscinvbit, bmi1, bmi2, adx

Memory: 4k page, physical 8167672k(617832k free), swap 13410552k(5908k free)

vm_info: OpenJDK 64-Bit Server VM (25.265-b01) for windows-amd64 JRE (1.8.0_265-b01), built on Jul 28 2020 15:11:27 by "jenkins" with MS VC++ 12.0 (VS2013)

time: Tue Sep 22 15:28:50 2020
timezone: ?D1¨²¡À¨º¡Á?¨º¡À??
elapsed time: 0 seconds (0d 0h 0m 0s)

