#
# There is insufficient memory for the Java Runtime Environment to continue.
# Native memory allocation (malloc) failed to allocate 454736 bytes for Chunk::new
# Possible reasons:
#   The system is out of physical RAM or swap space
#   The process is running with CompressedOops enabled, and the Java Heap may be blocking the growth of the native heap
# Possible solutions:
#   Reduce memory load on the system
#   Increase physical memory or swap space
#   Check if swap backing store is full
#   Decrease Java heap size (-Xmx/-Xms)
#   Decrease number of Java threads
#   Decrease Java thread stack sizes (-Xss)
#   Set larger code cache with -XX:ReservedCodeCacheSize=
#   JVM is running with Unscaled Compressed Oops mode in which the Java heap is
#     placed in the first 4GB address space. The Java Heap base address is the
#     maximum limit for the native heap growth. Please use -XX:HeapBaseMinAddress
#     to set the Java Heap base and to place the Java Heap above 4GB virtual address.
# This output file may be truncated or incomplete.
#
#  Out of Memory Error (allocation.cpp:389), pid=16516, tid=0x0000000000004120
#
# JRE version: OpenJDK Runtime Environment (8.0_265-b01) (build 1.8.0_265-b01)
# Java VM: OpenJDK 64-Bit Server VM (25.265-b01 mixed mode windows-amd64 compressed oops)
# Failed to write core dump. Minidumps are not enabled by default on client versions of Windows
#

---------------  T H R E A D  ---------------

Current thread (0x000002f7fdebd800):  JavaThread "C2 CompilerThread0" daemon [_thread_in_native, id=16672, stack(0x000000fa35900000,0x000000fa35a00000)]

Stack: [0x000000fa35900000,0x000000fa35a00000]
[error occurred during error reporting (printing stack bounds), id 0xc0000005]

Native frames: (J=compiled Java code, j=interpreted, Vv=VM code, C=native code)


Current CompileTask:
C2:   3789 3377   !   4       java.net.URLClassLoader$1::run (63 bytes)


---------------  P R O C E S S  ---------------

Java Threads: ( => current thread )
  0x000002f7fdeee000 JavaThread "Service Thread" daemon [_thread_blocked, id=11348, stack(0x000000fa35d00000,0x000000fa35e00000)]
  0x000002f7ff193800 JavaThread "C1 CompilerThread3" daemon [_thread_blocked, id=7776, stack(0x000000fa35c00000,0x000000fa35d00000)]
  0x000002f7fdedd800 JavaThread "C2 CompilerThread2" daemon [_thread_in_native, id=12324, stack(0x000000fa35b00000,0x000000fa35c00000)]
  0x000002f7fded5000 JavaThread "C2 CompilerThread1" daemon [_thread_in_native, id=18448, stack(0x000000fa35a00000,0x000000fa35b00000)]
=>0x000002f7fdebd800 JavaThread "C2 CompilerThread0" daemon [_thread_in_native, id=16672, stack(0x000000fa35900000,0x000000fa35a00000)]
  0x000002f7fde6e800 JavaThread "Attach Listener" daemon [_thread_blocked, id=17376, stack(0x000000fa35800000,0x000000fa35900000)]
  0x000002f7fded0000 JavaThread "Signal Dispatcher" daemon [_thread_blocked, id=15780, stack(0x000000fa35700000,0x000000fa35800000)]
  0x000002f7fde3b000 JavaThread "Finalizer" daemon [_thread_blocked, id=9156, stack(0x000000fa35600000,0x000000fa35700000)]
  0x000002f7fd227800 JavaThread "Reference Handler" daemon [_thread_blocked, id=6064, stack(0x000000fa35500000,0x000000fa35600000)]
  0x000002f7f5fc7800 JavaThread "main" [_thread_in_vm, id=10856, stack(0x000000fa34b00000,0x000000fa34c00000)]

Other Threads:
  0x000002f7fde13800 VMThread [stack: 0x000000fa35400000,0x000000fa35500000] [id=19052]
  0x000002f7ff21e000 WatcherThread [stack: 0x000000fa35e00000,0x000000fa35f00000] [id=12300]

VM state:not at safepoint (normal execution)

VM Mutex/Monitor currently owned by a thread: None

heap address: 0x0000000083400000, size: 1996 MB, Compressed Oops mode: 32-bit
Narrow klass base: 0x0000000000000000, Narrow klass shift: 3
Compressed class space size: 1073741824 Address: 0x0000000100000000

Heap:
 PSYoungGen      total 70656K, used 34061K [0x00000000d6700000, 0x00000000dfc00000, 0x0000000100000000)
  eden space 65536K, 44% used [0x00000000d6700000,0x00000000d83477d8,0x00000000da700000)
  from space 5120K, 99% used [0x00000000da700000,0x00000000dabfc010,0x00000000dac00000)
  to   space 10752K, 0% used [0x00000000df180000,0x00000000df180000,0x00000000dfc00000)
 ParOldGen       total 86016K, used 13827K [0x0000000083400000, 0x0000000088800000, 0x00000000d6700000)
  object space 86016K, 16% used [0x0000000083400000,0x0000000084180c28,0x0000000088800000)
 Metaspace       used 20216K, capacity 20776K, committed 20992K, reserved 1067008K
  class space    used 2397K, capacity 2558K, committed 2560K, reserved 1048576K

Card table byte_map: [0x000002f7f8020000,0x000002f7f8410000] byte_map_base: 0x000002f7f7c06000

Marking Bits: (ParMarkBitMap*) 0x0000000063eb7790
 Begin Bits: [0x000002f7f86b0000, 0x000002f7fa5e0000)
 End Bits:   [0x000002f7fa5e0000, 0x000002f7fc510000)

Polling page: 0x000002f7f7c30000

CodeCache: size=245760Kb used=12061Kb max_used=12061Kb free=233698Kb
 bounds [0x000002f780000000, 0x000002f780be0000, 0x000002f78f000000]
 total_blobs=3773 nmethods=3389 adapters=296
 compilation: enabled

Compilation events (10 events):
Event: 3.611 Thread 0x000002f7ff193800 3388       3       com.sun.tools.javac.util.ArrayUtils::ensureCapacity (30 bytes)
Event: 3.611 Thread 0x000002f7ff193800 nmethod 3388 0x000002f780bd0ad0 code [0x000002f780bd0c60, 0x000002f780bd1010]
Event: 3.611 Thread 0x000002f7ff193800 3389       3       com.sun.tools.javac.util.List::nil (4 bytes)
Event: 3.611 Thread 0x000002f7ff193800 nmethod 3389 0x000002f780bd07d0 code [0x000002f780bd0920, 0x000002f780bd0a58]
Event: 3.611 Thread 0x000002f7ff193800 3390       3       com.sun.tools.javac.code.AnnoConstruct::<init> (5 bytes)
Event: 3.611 Thread 0x000002f7ff193800 nmethod 3390 0x000002f780bd0410 code [0x000002f780bd0560, 0x000002f780bd0718]
Event: 3.611 Thread 0x000002f7ff193800 3391       3       com.sun.tools.javac.util.Assert::check (8 bytes)
Event: 3.611 Thread 0x000002f7ff193800 nmethod 3391 0x000002f780bcfed0 code [0x000002f780bd0040, 0x000002f780bd02d0]
Event: 3.611 Thread 0x000002f7ff193800 3392       3       com.sun.tools.javac.util.List::<init> (15 bytes)
Event: 3.612 Thread 0x000002f7ff193800 nmethod 3392 0x000002f780bcfa10 code [0x000002f780bcfb80, 0x000002f780bcfdb8]

GC Heap History (10 events):
Event: 0.539 GC heap before
{Heap before GC invocations=1 (full 0):
 PSYoungGen      total 37888K, used 32768K [0x00000000d6700000, 0x00000000d9100000, 0x0000000100000000)
  eden space 32768K, 100% used [0x00000000d6700000,0x00000000d8700000,0x00000000d8700000)
  from space 5120K, 0% used [0x00000000d8c00000,0x00000000d8c00000,0x00000000d9100000)
  to   space 5120K, 0% used [0x00000000d8700000,0x00000000d8700000,0x00000000d8c00000)
 ParOldGen       total 86016K, used 0K [0x0000000083400000, 0x0000000088800000, 0x00000000d6700000)
  object space 86016K, 0% used [0x0000000083400000,0x0000000083400000,0x0000000088800000)
 Metaspace       used 8457K, capacity 8604K, committed 8832K, reserved 1056768K
  class space    used 1009K, capacity 1080K, committed 1152K, reserved 1048576K
Event: 0.544 GC heap after
Heap after GC invocations=1 (full 0):
 PSYoungGen      total 37888K, used 5094K [0x00000000d6700000, 0x00000000d9100000, 0x0000000100000000)
  eden space 32768K, 0% used [0x00000000d6700000,0x00000000d6700000,0x00000000d8700000)
  from space 5120K, 99% used [0x00000000d8700000,0x00000000d8bf9840,0x00000000d8c00000)
  to   space 5120K, 0% used [0x00000000d8c00000,0x00000000d8c00000,0x00000000d9100000)
 ParOldGen       total 86016K, used 705K [0x0000000083400000, 0x0000000088800000, 0x00000000d6700000)
  object space 86016K, 0% used [0x0000000083400000,0x00000000834b0708,0x0000000088800000)
 Metaspace       used 8457K, capacity 8604K, committed 8832K, reserved 1056768K
  class space    used 1009K, capacity 1080K, committed 1152K, reserved 1048576K
}
Event: 0.898 GC heap before
{Heap before GC invocations=2 (full 0):
 PSYoungGen      total 37888K, used 37862K [0x00000000d6700000, 0x00000000d9100000, 0x0000000100000000)
  eden space 32768K, 100% used [0x00000000d6700000,0x00000000d8700000,0x00000000d8700000)
  from space 5120K, 99% used [0x00000000d8700000,0x00000000d8bf9840,0x00000000d8c00000)
  to   space 5120K, 0% used [0x00000000d8c00000,0x00000000d8c00000,0x00000000d9100000)
 ParOldGen       total 86016K, used 705K [0x0000000083400000, 0x0000000088800000, 0x00000000d6700000)
  object space 86016K, 0% used [0x0000000083400000,0x00000000834b0708,0x0000000088800000)
 Metaspace       used 11983K, capacity 12116K, committed 12416K, reserved 1060864K
  class space    used 1479K, capacity 1542K, committed 1664K, reserved 1048576K
Event: 0.904 GC heap after
Heap after GC invocations=2 (full 0):
 PSYoungGen      total 37888K, used 5113K [0x00000000d6700000, 0x00000000db100000, 0x0000000100000000)
  eden space 32768K, 0% used [0x00000000d6700000,0x00000000d6700000,0x00000000d8700000)
  from space 5120K, 99% used [0x00000000d8c00000,0x00000000d90fe520,0x00000000d9100000)
  to   space 5120K, 0% used [0x00000000d8700000,0x00000000d8700000,0x00000000d8c00000)
 ParOldGen       total 86016K, used 2995K [0x0000000083400000, 0x0000000088800000, 0x00000000d6700000)
  object space 86016K, 3% used [0x0000000083400000,0x00000000836ecc40,0x0000000088800000)
 Metaspace       used 11983K, capacity 12116K, committed 12416K, reserved 1060864K
  class space    used 1479K, capacity 1542K, committed 1664K, reserved 1048576K
}
Event: 1.486 GC heap before
{Heap before GC invocations=3 (full 0):
 PSYoungGen      total 37888K, used 37881K [0x00000000d6700000, 0x00000000db100000, 0x0000000100000000)
  eden space 32768K, 100% used [0x00000000d6700000,0x00000000d8700000,0x00000000d8700000)
  from space 5120K, 99% used [0x00000000d8c00000,0x00000000d90fe520,0x00000000d9100000)
  to   space 5120K, 0% used [0x00000000d8700000,0x00000000d8700000,0x00000000d8c00000)
 ParOldGen       total 86016K, used 2995K [0x0000000083400000, 0x0000000088800000, 0x00000000d6700000)
  object space 86016K, 3% used [0x0000000083400000,0x00000000836ecc40,0x0000000088800000)
 Metaspace       used 15137K, capacity 15444K, committed 15744K, reserved 1062912K
  class space    used 1831K, capacity 1912K, committed 1920K, reserved 1048576K
Event: 1.494 GC heap after
Heap after GC invocations=3 (full 0):
 PSYoungGen      total 37888K, used 5112K [0x00000000d6700000, 0x00000000db100000, 0x0000000100000000)
  eden space 32768K, 0% used [0x00000000d6700000,0x00000000d6700000,0x00000000d8700000)
  from space 5120K, 99% used [0x00000000d8700000,0x00000000d8bfe060,0x00000000d8c00000)
  to   space 5120K, 0% used [0x00000000dac00000,0x00000000dac00000,0x00000000db100000)
 ParOldGen       total 86016K, used 6261K [0x0000000083400000, 0x0000000088800000, 0x00000000d6700000)
  object space 86016K, 7% used [0x0000000083400000,0x0000000083a1d420,0x0000000088800000)
 Metaspace       used 15137K, capacity 15444K, committed 15744K, reserved 1062912K
  class space    used 1831K, capacity 1912K, committed 1920K, reserved 1048576K
}
Event: 1.936 GC heap before
{Heap before GC invocations=4 (full 0):
 PSYoungGen      total 37888K, used 37880K [0x00000000d6700000, 0x00000000db100000, 0x0000000100000000)
  eden space 32768K, 100% used [0x00000000d6700000,0x00000000d8700000,0x00000000d8700000)
  from space 5120K, 99% used [0x00000000d8700000,0x00000000d8bfe060,0x00000000d8c00000)
  to   space 5120K, 0% used [0x00000000dac00000,0x00000000dac00000,0x00000000db100000)
 ParOldGen       total 86016K, used 6261K [0x0000000083400000, 0x0000000088800000, 0x00000000d6700000)
  object space 86016K, 7% used [0x0000000083400000,0x0000000083a1d420,0x0000000088800000)
 Metaspace       used 15683K, capacity 15930K, committed 16128K, reserved 1062912K
  class space    used 1852K, capacity 1945K, committed 2048K, reserved 1048576K
Event: 1.943 GC heap after
Heap after GC invocations=4 (full 0):
 PSYoungGen      total 70656K, used 5104K [0x00000000d6700000, 0x00000000db100000, 0x0000000100000000)
  eden space 65536K, 0% used [0x00000000d6700000,0x00000000d6700000,0x00000000da700000)
  from space 5120K, 99% used [0x00000000dac00000,0x00000000db0fc040,0x00000000db100000)
  to   space 5120K, 0% used [0x00000000da700000,0x00000000da700000,0x00000000dac00000)
 ParOldGen       total 86016K, used 8861K [0x0000000083400000, 0x0000000088800000, 0x00000000d6700000)
  object space 86016K, 10% used [0x0000000083400000,0x0000000083ca7610,0x0000000088800000)
 Metaspace       used 15683K, capacity 15930K, committed 16128K, reserved 1062912K
  class space    used 1852K, capacity 1945K, committed 2048K, reserved 1048576K
}
Event: 2.999 GC heap before
{Heap before GC invocations=5 (full 0):
 PSYoungGen      total 70656K, used 70640K [0x00000000d6700000, 0x00000000db100000, 0x0000000100000000)
  eden space 65536K, 100% used [0x00000000d6700000,0x00000000da700000,0x00000000da700000)
  from space 5120K, 99% used [0x00000000dac00000,0x00000000db0fc040,0x00000000db100000)
  to   space 5120K, 0% used [0x00000000da700000,0x00000000da700000,0x00000000dac00000)
 ParOldGen       total 86016K, used 8861K [0x0000000083400000, 0x0000000088800000, 0x00000000d6700000)
  object space 86016K, 10% used [0x0000000083400000,0x0000000083ca7610,0x0000000088800000)
 Metaspace       used 17152K, capacity 17576K, committed 17792K, reserved 1064960K
  class space    used 1988K, capacity 2126K, committed 2176K, reserved 1048576K
Event: 3.014 GC heap after
Heap after GC invocations=5 (full 0):
 PSYoungGen      total 70656K, used 5104K [0x00000000d6700000, 0x00000000dfc00000, 0x0000000100000000)
  eden space 65536K, 0% used [0x00000000d6700000,0x00000000d6700000,0x00000000da700000)
  from space 5120K, 99% used [0x00000000da700000,0x00000000dabfc010,0x00000000dac00000)
  to   space 10752K, 0% used [0x00000000df180000,0x00000000df180000,0x00000000dfc00000)
 ParOldGen       total 86016K, used 13827K [0x0000000083400000, 0x0000000088800000, 0x00000000d6700000)
  object space 86016K, 16% used [0x0000000083400000,0x0000000084180c28,0x0000000088800000)
 Metaspace       used 17152K, capacity 17576K, committed 17792K, reserved 1064960K
  class space    used 1988K, capacity 2126K, committed 2176K, reserved 1048576K
}

Deoptimization events (10 events):
Event: 2.676 Thread 0x000002f7f5fc7800 Uncommon trap: reason=class_check action=maybe_recompile pc=0x000002f7808fd58c method=org.eclipse.sisu.wire.EntryListAdapter$ValueIterator.next()Ljava/lang/Object; @ 4
Event: 2.683 Thread 0x000002f7f5fc7800 Uncommon trap: reason=class_check action=maybe_recompile pc=0x000002f7808fd58c method=org.eclipse.sisu.wire.EntryListAdapter$ValueIterator.next()Ljava/lang/Object; @ 4
Event: 2.927 Thread 0x000002f7f5fc7800 Uncommon trap: reason=array_check action=maybe_recompile pc=0x000002f780ae89a0 method=java.util.TimSort.binarySort([Ljava/lang/Object;IIILjava/util/Comparator;)V @ 193
Event: 2.927 Thread 0x000002f7f5fc7800 Uncommon trap: reason=array_check action=maybe_recompile pc=0x000002f780ae8a68 method=java.util.TimSort.binarySort([Ljava/lang/Object;IIILjava/util/Comparator;)V @ 183
Event: 2.927 Thread 0x000002f7f5fc7800 Uncommon trap: reason=array_check action=maybe_recompile pc=0x000002f780ae89a0 method=java.util.TimSort.binarySort([Ljava/lang/Object;IIILjava/util/Comparator;)V @ 193
Event: 2.928 Thread 0x000002f7f5fc7800 Uncommon trap: reason=array_check action=maybe_recompile pc=0x000002f780ae88dc method=java.util.TimSort.binarySort([Ljava/lang/Object;IIILjava/util/Comparator;)V @ 215
Event: 2.928 Thread 0x000002f7f5fc7800 Uncommon trap: reason=array_check action=maybe_recompile pc=0x000002f780ae88dc method=java.util.TimSort.binarySort([Ljava/lang/Object;IIILjava/util/Comparator;)V @ 215
Event: 2.950 Thread 0x000002f7f5fc7800 Uncommon trap: reason=class_check action=maybe_recompile pc=0x000002f7808fd58c method=org.eclipse.sisu.wire.EntryListAdapter$ValueIterator.next()Ljava/lang/Object; @ 4
Event: 2.985 Thread 0x000002f7f5fc7800 Uncommon trap: reason=class_check action=maybe_recompile pc=0x000002f7808fd58c method=org.eclipse.sisu.wire.EntryListAdapter$ValueIterator.next()Ljava/lang/Object; @ 4
Event: 3.395 Thread 0x000002f7f5fc7800 Uncommon trap: reason=unstable_if action=reinterpret pc=0x000002f780a1a2c8 method=java.net.URI.match(CJJ)Z @ 19

Classes redefined (0 events):
No events

Internal exceptions (10 events):
Event: 1.176 Thread 0x000002f7f5fc7800 Implicit null exception at 0x000002f780254d96 to 0x000002f78025513d
Event: 1.176 Thread 0x000002f7f5fc7800 Implicit null exception at 0x000002f780204756 to 0x000002f780204af5
Event: 1.360 Thread 0x000002f7f5fc7800 Implicit null exception at 0x000002f78061995c to 0x000002f78061abb5
Event: 1.918 Thread 0x000002f7f5fc7800 Implicit null exception at 0x000002f78076ca85 to 0x000002f78076cfc5
Event: 1.934 Thread 0x000002f7f5fc7800 Implicit null exception at 0x000002f78084eb2f to 0x000002f780850229
Event: 1.959 Thread 0x000002f7f5fc7800 Implicit null exception at 0x000002f7808561b7 to 0x000002f780856401
Event: 2.398 Thread 0x000002f7f5fc7800 Implicit null exception at 0x000002f7803b9e95 to 0x000002f7803ba06d
Event: 2.399 Thread 0x000002f7f5fc7800 Implicit null exception at 0x000002f780328eef to 0x000002f780328f59
Event: 2.641 Thread 0x000002f7f5fc7800 Implicit null exception at 0x000002f78077ae41 to 0x000002f78077b271
Event: 3.395 Thread 0x000002f7f5fc7800 Exception <a 'java/lang/ClassNotFoundException': com/sun/tools/javac/api/JavacTool> (0x00000000d7b4bb08) thrown at [J:\jenkins\tmp\workspace\build\src\hotspot\src\share\vm\classfile\systemDictionary.cpp, line 215]

Events (10 events):
Event: 3.762 loading class javax/lang/model/type/UnionType
Event: 3.762 loading class javax/lang/model/type/UnionType done
Event: 3.767 loading class com/sun/tools/javac/comp/Attr$12
Event: 3.767 loading class com/sun/tools/javac/comp/Attr$12 done
Event: 3.769 loading class com/sun/tools/javac/comp/DeferredAttr$DeferredType
Event: 3.769 loading class com/sun/tools/javac/comp/DeferredAttr$DeferredType done
Event: 3.770 loading class com/sun/tools/javac/comp/Attr$BreakAttr
Event: 3.770 loading class com/sun/tools/javac/comp/Attr$BreakAttr done
Event: 3.776 loading class com/sun/tools/javac/tree/TreeTranslator
Event: 3.776 loading class com/sun/tools/javac/tree/TreeTranslator done


Dynamic libraries:
0x00007ff6d3190000 - 0x00007ff6d31ca000 	D:\Program Files\openjdk\bin\java.exe
0x00007ffc6e810000 - 0x00007ffc6ea05000 	C:\WINDOWS\SYSTEM32\ntdll.dll
0x00007ffc6d590000 - 0x00007ffc6d64d000 	C:\WINDOWS\System32\KERNEL32.DLL
0x00007ffc6c290000 - 0x00007ffc6c557000 	C:\WINDOWS\System32\KERNELBASE.dll
0x00007ffc6e080000 - 0x00007ffc6e12a000 	C:\WINDOWS\System32\ADVAPI32.dll
0x00007ffc6e130000 - 0x00007ffc6e1ce000 	C:\WINDOWS\System32\msvcrt.dll
0x00007ffc6d4f0000 - 0x00007ffc6d58b000 	C:\WINDOWS\System32\sechost.dll
0x00007ffc6e640000 - 0x00007ffc6e764000 	C:\WINDOWS\System32\RPCRT4.dll
0x00007ffc6db50000 - 0x00007ffc6dcf0000 	C:\WINDOWS\System32\USER32.dll
0x00007ffc6c060000 - 0x00007ffc6c082000 	C:\WINDOWS\System32\win32u.dll
0x00007ffc6db20000 - 0x00007ffc6db4a000 	C:\WINDOWS\System32\GDI32.dll
0x00007ffc6bf50000 - 0x00007ffc6c059000 	C:\WINDOWS\System32\gdi32full.dll
0x00007ffc6c1f0000 - 0x00007ffc6c28d000 	C:\WINDOWS\System32\msvcp_win.dll
0x00007ffc6c6f0000 - 0x00007ffc6c7f0000 	C:\WINDOWS\System32\ucrtbase.dll
0x00007ffc462a0000 - 0x00007ffc4653b000 	C:\WINDOWS\WinSxS\amd64_microsoft.windows.common-controls_6595b64144ccf1df_6.0.19041.488_none_ca04af081b815d21\COMCTL32.dll
0x00007ffc6dcf0000 - 0x00007ffc6dd20000 	C:\WINDOWS\System32\IMM32.DLL
0x00007ffc51c00000 - 0x00007ffc51cef000 	D:\Program Files\openjdk\jre\bin\msvcr120.dll
0x00007ffc5fc50000 - 0x00007ffc5fcf6000 	D:\Program Files\openjdk\jre\bin\msvcp120.dll
0x00000000636d0000 - 0x0000000063f36000 	D:\Program Files\openjdk\jre\bin\server\jvm.dll
0x00007ffc6dd80000 - 0x00007ffc6dd88000 	C:\WINDOWS\System32\PSAPI.DLL
0x00007ffc62940000 - 0x00007ffc62949000 	C:\WINDOWS\SYSTEM32\WSOCK32.dll
0x00007ffc5a100000 - 0x00007ffc5a10a000 	C:\WINDOWS\SYSTEM32\VERSION.dll
0x00007ffc46a50000 - 0x00007ffc46a77000 	C:\WINDOWS\SYSTEM32\WINMM.dll
0x00007ffc6d850000 - 0x00007ffc6d8bb000 	C:\WINDOWS\System32\WS2_32.dll
0x00007ffc691d0000 - 0x00007ffc691df000 	D:\Program Files\openjdk\jre\bin\verify.dll
0x00007ffc629a0000 - 0x00007ffc629c8000 	D:\Program Files\openjdk\jre\bin\java.dll
0x00007ffc62980000 - 0x00007ffc62996000 	D:\Program Files\openjdk\jre\bin\zip.dll
0x00007ffc6cc80000 - 0x00007ffc6d3c1000 	C:\WINDOWS\System32\SHELL32.dll
0x00007ffc6a050000 - 0x00007ffc6a7e3000 	C:\WINDOWS\SYSTEM32\windows.storage.dll
0x00007ffc6c870000 - 0x00007ffc6cbc5000 	C:\WINDOWS\System32\combase.dll
0x00007ffc6b820000 - 0x00007ffc6b84c000 	C:\WINDOWS\SYSTEM32\Wldp.dll
0x00007ffc6cbd0000 - 0x00007ffc6cc7e000 	C:\WINDOWS\System32\SHCORE.dll
0x00007ffc6d650000 - 0x00007ffc6d6a5000 	C:\WINDOWS\System32\shlwapi.dll
0x00007ffc6be80000 - 0x00007ffc6bea6000 	C:\WINDOWS\SYSTEM32\profapi.dll
0x00007ffc5fc20000 - 0x00007ffc5fc2a000 	D:\apache-maven-3.6.3\lib\jansi-native\windows64\jansi.dll
0x00007ffc5fc30000 - 0x00007ffc5fc4a000 	D:\Program Files\openjdk\jre\bin\net.dll
0x00007ffc6b610000 - 0x00007ffc6b67a000 	C:\WINDOWS\system32\mswsock.dll
0x00007ffc5fbe0000 - 0x00007ffc5fbf2000 	D:\Program Files\openjdk\jre\bin\nio.dll

VM Arguments:
jvm_args: -Dclassworlds.conf=D:\apache-maven-3.6.3\bin\..\bin\m2.conf -Dmaven.home=D:\apache-maven-3.6.3\bin\.. -Dlibrary.jansi.path=D:\apache-maven-3.6.3\bin\..\lib\jansi-native -Dmaven.multiModuleProjectDirectory=E:\dev\micro-service\share-app\content-center 
java_command: org.codehaus.plexus.classworlds.launcher.Launcher clean install
java_class_path (initial): D:\apache-maven-3.6.3\bin\..\boot\plexus-classworlds-2.6.0.jar
Launcher Type: SUN_STANDARD

Environment Variables:
JAVA_HOME=D:\Program Files\openjdk\
CLASSPATH=.;D:\Program Files\openjdk\\lib;D:\Program Files\openjdk\\lib\tools.jar
PATH=D:\Program Files\openjdk\bin;D:\tools\;C:\Windows\system32;C:\Windows;C:\Windows\System32\Wbem;C:\Windows\System32\WindowsPowerShell\v1.0\;C:\Windows\System32\OpenSSH\;D:\Program Files\jdk8\bin;D:\Program Files\Git\cmd;D:\Program Files\node.js\node_global;C:\Program Files\MySQL\MySQL Server 5.7\bin;D:\apache-maven-3.6.3\bin;D:\tools\Microsoft VS Code\bin;C:\Users\Guorc\.windows-build-tools\python27\;C:\Users\Guorc\AppData\Local\Microsoft\WindowsApps;D:\Bandizip\;D:\IntelliJ IDEA 2019.3.1\bin;C:\Users\Guorc\AppData\Roaming\npm;C:\Users\Guorc\AppData\Local\BypassRuntm;C:\Program Files (x86)\Cesoft\Excel Server 2019 Client;C:\Program Files\Redis\;";D:\apache-maven-3.6.3\bin";C:\WINDOWS\system32;C:\WINDOWS;C:\WINDOWS\System32\Wbem;C:\WINDOWS\System32\WindowsPowerShell\v1.0\;C:\WINDOWS\System32\OpenSSH\;D:\Program Files\node.js\;D:\flutter\bin;C:\Program Files\MySQL\MySQL Shell 8.0\bin\;C:\Users\Guorc\.windows-build-tools\python27\;C:\Users\Guorc\AppData\Local\Microsoft\WindowsApps;D:\Bandizip\;D:\IntelliJ IDEA 2019.3.1\bin;C:\Users\Guorc\AppData\Local\BypassRuntm;D:\tools\IntelliJ IDEA 2019.3.4\bin;;C:\Users\Guorc\AppData\Local\Microsoft\WindowsApps;C:\Users\Guorc\AppData\Roaming\npm
USERNAME=Guorc
OS=Windows_NT
PROCESSOR_IDENTIFIER=Intel64 Family 6 Model 142 Stepping 12, GenuineIntel



---------------  S Y S T E M  ---------------

OS: Windows 10.0 , 64 bit Build 19041 (10.0.19041.292)

CPU:total 8 (initial active 8) (4 cores per cpu, 2 threads per core) family 6 model 142 stepping 12, cmov, cx8, fxsr, mmx, sse, sse2, sse3, ssse3, sse4.1, sse4.2, popcnt, avx, avx2, aes, clmul, erms, 3dnowpref, lzcnt, ht, tsc, tscinvbit, bmi1, bmi2, adx

Memory: 4k page, physical 8167672k(451052k free), swap 13410552k(3588k free)

vm_info: OpenJDK 64-Bit Server VM (25.265-b01) for windows-amd64 JRE (1.8.0_265-b01), built on Jul 28 2020 15:11:27 by "jenkins" with MS VC++ 12.0 (VS2013)

time: Tue Sep 22 15:27:49 2020
timezone: ?D1¨²¡À¨º¡Á?¨º¡À??
elapsed time: 3 seconds (0d 0h 0m 3s)

